android/app/build/intermediates/manifest_merge_blame_file/debug/manifest-merger-blame-debug-report.txt
1<?xml version="1.0" encoding="utf-8"?>
2<manifest xmlns:android="http://schemas.android.com/apk/res/android"
3    package="com.wnb"
4    android:versionCode="1"
5    android:versionName="1.0" >
6
7    <uses-sdk
8        android:minSdkVersion="21"
9        android:targetSdkVersion="31" />
10
11    <uses-permission android:name="android.permission.SYSTEM_ALERT_WINDOW" />
11-->src/debug/AndroidManifest.xml:5:5-77
11-->src/debug/AndroidManifest.xml:5:22-75
12    <uses-permission android:name="android.permission.INTERNET" />
12-->src/main/AndroidManifest.xml:4:5-67
12-->src/main/AndroidManifest.xml:4:22-64
13
14    <uses-feature
14-->src/main/AndroidManifest.xml:5:5-7:34
15        android:name="android.hardware.sensor.stepcounter"
15-->src/main/AndroidManifest.xml:6:9-59
16        android:required="true" />
16-->src/main/AndroidManifest.xml:7:9-32
17    <uses-feature
17-->src/main/AndroidManifest.xml:8:5-10:34
18        android:name="android.hardware.sensor.stepdetector"
18-->src/main/AndroidManifest.xml:9:9-60
19        android:required="true" />
19-->src/main/AndroidManifest.xml:10:9-32
20
21    <uses-permission android:name="android.permission.ACCESS_WIFI_STATE" />
21-->[com.facebook.flipper:flipper:0.125.0] AndroidManifest.xml:16:5-76
21-->[com.facebook.flipper:flipper:0.125.0] AndroidManifest.xml:16:22-73
22
23    <application
23-->src/main/AndroidManifest.xml:11:5-39:19
24        android:name="com.wnb.MainApplication"
24-->src/main/AndroidManifest.xml:12:7-38
25        android:allowBackup="false"
25-->src/main/AndroidManifest.xml:16:7-34
26        android:appComponentFactory="androidx.core.app.CoreComponentFactory"
26-->[androidx.core:core:1.7.0] AndroidManifest.xml:24:18-86
27        android:debuggable="true"
28        android:icon="@mipmap/ic_launcher"
28-->src/main/AndroidManifest.xml:14:7-41
29        android:label="@string/app_name"
29-->src/main/AndroidManifest.xml:13:7-39
30        android:roundIcon="@mipmap/ic_launcher_round"
30-->src/main/AndroidManifest.xml:15:7-52
31        android:theme="@style/AppTheme"
31-->src/main/AndroidManifest.xml:17:7-38
32        android:usesCleartextTraffic="true" >
32-->src/debug/AndroidManifest.xml:8:9-44
33        <activity
33-->src/main/AndroidManifest.xml:30:7-84
34            android:name="com.facebook.react.devsupport.DevSettingsActivity"
34-->src/main/AndroidManifest.xml:30:17-81
35            android:exported="false" />
35-->src/debug/AndroidManifest.xml:11:84-108
36        <activity
36-->src/main/AndroidManifest.xml:18:7-29:18
37            android:name="com.wnb.MainActivity"
37-->src/main/AndroidManifest.xml:19:9-37
38            android:configChanges="keyboard|keyboardHidden|orientation|screenLayout|screenSize|smallestScreenSize|uiMode"
38-->src/main/AndroidManifest.xml:21:9-118
39            android:exported="true"
39-->src/main/AndroidManifest.xml:24:9-32
40            android:label="@string/app_name"
40-->src/main/AndroidManifest.xml:20:9-41
41            android:launchMode="singleTask"
41-->src/main/AndroidManifest.xml:22:9-40
42            android:windowSoftInputMode="adjustResize" >
42-->src/main/AndroidManifest.xml:23:9-51
43            <intent-filter>
43-->src/main/AndroidManifest.xml:25:9-28:25
44                <action android:name="android.intent.action.MAIN" />
44-->src/main/AndroidManifest.xml:26:13-65
44-->src/main/AndroidManifest.xml:26:21-62
45
46                <category android:name="android.intent.category.LAUNCHER" />
46-->src/main/AndroidManifest.xml:27:13-73
46-->src/main/AndroidManifest.xml:27:23-70
47            </intent-filter>
48        </activity>
49
50        <service android:name="com.wnb.pedometer.StepCounterService" />
50-->src/main/AndroidManifest.xml:31:7-62
50-->src/main/AndroidManifest.xml:31:16-60
51        <service android:name="com.wnb.pedometer.StepCounterOldService" />
51-->src/main/AndroidManifest.xml:32:7-66
51-->src/main/AndroidManifest.xml:32:16-63
52
53        <receiver
53-->src/main/AndroidManifest.xml:33:7-38:18
54            android:name="com.wnb.pedometer.StepCounterBootReceiver"
54-->src/main/AndroidManifest.xml:33:17-66
55            android:exported="true" >
55-->src/main/AndroidManifest.xml:34:11-34
56            <intent-filter>
56-->src/main/AndroidManifest.xml:35:9-37:25
57                <action android:name="android.intent.action.BOOT_COMPLETED" />
57-->src/main/AndroidManifest.xml:36:13-75
57-->src/main/AndroidManifest.xml:36:21-72
58            </intent-filter>
59        </receiver>
60
61        <provider
61-->[androidx.emoji2:emoji2:1.0.0] AndroidManifest.xml:26:9-34:20
62            android:name="androidx.startup.InitializationProvider"
62-->[androidx.emoji2:emoji2:1.0.0] AndroidManifest.xml:27:13-67
63            android:authorities="com.wnb.androidx-startup"
63-->[androidx.emoji2:emoji2:1.0.0] AndroidManifest.xml:28:13-68
64            android:exported="false" >
64-->[androidx.emoji2:emoji2:1.0.0] AndroidManifest.xml:29:13-37
65            <meta-data
65-->[androidx.emoji2:emoji2:1.0.0] AndroidManifest.xml:31:13-33:52
66                android:name="androidx.emoji2.text.EmojiCompatInitializer"
66-->[androidx.emoji2:emoji2:1.0.0] AndroidManifest.xml:32:17-75
67                android:value="androidx.startup" />
67-->[androidx.emoji2:emoji2:1.0.0] AndroidManifest.xml:33:17-49
68            <meta-data
68-->[androidx.lifecycle:lifecycle-process:2.4.0] AndroidManifest.xml:31:13-33:52
69                android:name="androidx.lifecycle.ProcessLifecycleInitializer"
69-->[androidx.lifecycle:lifecycle-process:2.4.0] AndroidManifest.xml:32:17-78
70                android:value="androidx.startup" />
70-->[androidx.lifecycle:lifecycle-process:2.4.0] AndroidManifest.xml:33:17-49
71        </provider>
72    </application>
73
74</manifest>